<?xml version="1.0" encoding="UTF-8"?>
<!-- Generated by org.testng.reporters.JUnitReportReporter -->
<testsuite hostname="DESKTOP-V7BM6IG" failures="0" tests="1" name="testCases.QA_LegendTestCases" time="8.804" errors="0" timestamp="2024-02-07T20:33:47 IST" skipped="0">
  <testcase classname="testCases.QA_LegendTestCases" name="addEvent" time="8.804"/>
</testsuite> <!-- testCases.QA_LegendTestCases -->
