<?xml version="1.0" encoding="UTF-8"?>
<!-- Generated by org.testng.reporters.JUnitReportReporter -->
<testsuite hostname="DESKTOP-V7BM6IG" failures="0" tests="1" name="testCases.QA_LegendTestCases" time="15.307" errors="0" timestamp="2024-02-13T22:29:53 IST" skipped="0">
  <testcase classname="testCases.QA_LegendTestCases" name="add_Announcements" time="15.307"/>
  <system-out/>
</testsuite> <!-- testCases.QA_LegendTestCases -->
