<?xml version="1.0" encoding="UTF-8"?>
<!-- Generated by org.testng.reporters.JUnitReportReporter -->
<testsuite hostname="DESKTOP-V7BM6IG" failures="0" tests="1" name="testCases.QA_LegendTestCases" time="19.085" errors="0" timestamp="2024-02-13T13:26:04 IST" skipped="0">
  <testcase classname="testCases.QA_LegendTestCases" name="addEvent" time="19.085"/>
  <system-out/>
</testsuite> <!-- testCases.QA_LegendTestCases -->
