<?xml version="1.0" encoding="UTF-8"?>
<!-- Generated by org.testng.reporters.JUnitReportReporter -->
<testsuite hostname="DESKTOP-V7BM6IG" failures="0" tests="14" name="testCases.QA_LegendTestCases" time="136.300" errors="0" timestamp="2024-02-13T23:15:39 IST" skipped="0">
  <testcase classname="testCases.QA_LegendTestCases" name="loginCRM" time="6.417"/>
  <system-out/>
  <testcase classname="testCases.QA_LegendTestCases" name="logoutCRM" time="5.566"/>
  <system-out/>
  <testcase classname="testCases.QA_LegendTestCases" name="login_Negative_Scnrios" time="9.418"/>
  <system-out/>
  <testcase classname="testCases.QA_LegendTestCases" name="login_Negative_Scnrios" time="8.811"/>
  <system-out/>
  <testcase classname="testCases.QA_LegendTestCases" name="login_Negative_Scnrios" time="10.372"/>
  <system-out/>
  <testcase classname="testCases.QA_LegendTestCases" name="addEvent" time="10.379"/>
  <system-out/>
  <testcase classname="testCases.QA_LegendTestCases" name="addEventByQuickIcon" time="7.094"/>
  <system-out/>
  <testcase classname="testCases.QA_LegendTestCases" name="add_Notes" time="14.083"/>
  <system-out/>
  <testcase classname="testCases.QA_LegendTestCases" name="addNoteusingQuickIcon" time="15.818"/>
  <system-out/>
  <testcase classname="testCases.QA_LegendTestCases" name="message_ComposeandSend" time="9.917"/>
  <system-out/>
  <testcase classname="testCases.QA_LegendTestCases" name="add_Client" time="10.556"/>
  <system-out/>
  <testcase classname="testCases.QA_LegendTestCases" name="add_Item" time="9.461"/>
  <system-out/>
  <testcase classname="testCases.QA_LegendTestCases" name="add_Announcements" time="9.415"/>
  <system-out/>
  <testcase classname="testCases.QA_LegendTestCases" name="applyAndAssignLeave" time="8.993"/>
  <system-out/>
</testsuite> <!-- testCases.QA_LegendTestCases -->
