<?xml version="1.0" encoding="UTF-8"?>
<!-- Generated by org.testng.reporters.JUnitReportReporter -->
<testsuite hostname="DESKTOP-V7BM6IG" failures="0" tests="1" name="testCases.QA_LegendTestCases" time="9.974" errors="0" timestamp="2024-02-13T15:32:59 IST" skipped="0">
  <testcase classname="testCases.QA_LegendTestCases" name="addEvent" time="9.974"/>
  <system-out/>
</testsuite> <!-- testCases.QA_LegendTestCases -->
