<?xml version="1.0" encoding="UTF-8"?>
<!-- Generated by org.testng.reporters.JUnitReportReporter -->
<testsuite hostname="DESKTOP-V7BM6IG" failures="0" tests="14" name="testCases.QA_LegendTestCases" time="138.572" errors="0" timestamp="2024-02-13T22:44:27 IST" skipped="0">
  <testcase classname="testCases.QA_LegendTestCases" name="loginCRM" time="7.573"/>
  <system-out/>
  <testcase classname="testCases.QA_LegendTestCases" name="logoutCRM" time="5.024"/>
  <system-out/>
  <testcase classname="testCases.QA_LegendTestCases" name="login_Negative_Scnrios" time="10.098"/>
  <system-out/>
  <testcase classname="testCases.QA_LegendTestCases" name="login_Negative_Scnrios" time="9.052"/>
  <system-out/>
  <testcase classname="testCases.QA_LegendTestCases" name="login_Negative_Scnrios" time="10.712"/>
  <system-out/>
  <testcase classname="testCases.QA_LegendTestCases" name="addEvent" time="9.623"/>
  <system-out/>
  <testcase classname="testCases.QA_LegendTestCases" name="addEventByQuickIcon" time="7.362"/>
  <system-out/>
  <testcase classname="testCases.QA_LegendTestCases" name="add_Notes" time="13.972"/>
  <system-out/>
  <testcase classname="testCases.QA_LegendTestCases" name="addNoteusingQuickIcon" time="14.995"/>
  <system-out/>
  <testcase classname="testCases.QA_LegendTestCases" name="message_ComposeandSend" time="10.852"/>
  <system-out/>
  <testcase classname="testCases.QA_LegendTestCases" name="add_Client" time="10.875"/>
  <system-out/>
  <testcase classname="testCases.QA_LegendTestCases" name="add_Item" time="9.744"/>
  <system-out/>
  <testcase classname="testCases.QA_LegendTestCases" name="add_Announcements" time="9.218"/>
  <system-out/>
  <testcase classname="testCases.QA_LegendTestCases" name="applyAndAssignLeave" time="9.472"/>
  <system-out/>
</testsuite> <!-- testCases.QA_LegendTestCases -->
