<?xml version="1.0" encoding="UTF-8"?>
<!-- Generated by org.testng.reporters.JUnitReportReporter -->
<testsuite hostname="DESKTOP-V7BM6IG" failures="0" tests="1" name="testCases.QA_LegendTestCases" time="10.124" errors="0" timestamp="2024-02-05T22:52:19 IST" skipped="0">
  <testcase classname="testCases.QA_LegendTestCases" name="add_Item" time="10.124"/>
</testsuite> <!-- testCases.QA_LegendTestCases -->
